0 info it worked if it ends with ok
1 verbose cli [ '/usr/local/bin/node', '/usr/local/bin/npm', 'run', 'test' ]
2 info using npm@3.7.3
3 info using node@v4.3.0
4 verbose run-script [ 'pretest', 'test', 'posttest' ]
5 info lifecycle redux-simple-starter@1.0.0~pretest: redux-simple-starter@1.0.0
6 silly lifecycle redux-simple-starter@1.0.0~pretest: no script for pretest, continuing
7 info lifecycle redux-simple-starter@1.0.0~test: redux-simple-starter@1.0.0
8 verbose lifecycle redux-simple-starter@1.0.0~test: unsafe-perm in lifecycle true
9 verbose lifecycle redux-simple-starter@1.0.0~test: PATH: /usr/local/lib/node_modules/npm/bin/node-gyp-bin:/Users/cristiandrincu/Documents/workspace_react/ReactNodeAuth/client-react/node_modules/.bin:/usr/local/bin:/opt/local/bin:/opt/local/sbin:/Users/cristiandrincu/.rvm/gems/ruby-2.0.0-p353/bin:/Users/cristiandrincu/.rvm/gems/ruby-2.0.0-p353@global/bin:/Users/cristiandrincu/.rvm/rubies/ruby-2.0.0-p353/bin:/Users/cristiandrincu/.rvm/bin:/opt/chefdk/bin:/Users/cristiandrincu/Downloads/PlayFramework/activator-1.3.5:/Users/cristiandrincu/dev/elasticsearch/elastic-search/bin:/Library/Java/JavaVirtualMachines/jdk1.8.0_11.jdk/Contents/Home/bin:/Users/cristiandrincu/Downloads/apache-maven-3.1.1/bin:/usr/local/mysql/bin:/usr/local/git/bin:/usr/local/bin:/usr/bin:/bin:/usr/sbin:/sbin:/usr/local/git/bin:/Users/cristiandrincu/Downloads/Kit/Gradle/gradle-1.11//bin:/Users/cristiandrincu/mongodb/bin:/Users/cristiandrincu/android-sdks:/Users/cristiandrincu/android-sdks/platform-tools:/Users/cristiandrincu/Downloads/apache-ant/bin:/Users/cristiandrincu/Downloads/Kit/scala-2.11.6/bin
10 verbose lifecycle redux-simple-starter@1.0.0~test: CWD: /Users/cristiandrincu/Documents/workspace_react/ReactNodeAuth/client-react
11 silly lifecycle redux-simple-starter@1.0.0~test: Args: [ '-c',
11 silly lifecycle   'mocha --compilers js:babel-core/register --require ./test/test_helper.js --recursive ./test' ]
12 silly lifecycle redux-simple-starter@1.0.0~test: Returned: code: 1  signal: null
13 info lifecycle redux-simple-starter@1.0.0~test: Failed to exec test script
14 verbose stack Error: redux-simple-starter@1.0.0 test: `mocha --compilers js:babel-core/register --require ./test/test_helper.js --recursive ./test`
14 verbose stack Exit status 1
14 verbose stack     at EventEmitter.<anonymous> (/usr/local/lib/node_modules/npm/lib/utils/lifecycle.js:239:16)
14 verbose stack     at emitTwo (events.js:87:13)
14 verbose stack     at EventEmitter.emit (events.js:172:7)
14 verbose stack     at ChildProcess.<anonymous> (/usr/local/lib/node_modules/npm/lib/utils/spawn.js:24:14)
14 verbose stack     at emitTwo (events.js:87:13)
14 verbose stack     at ChildProcess.emit (events.js:172:7)
14 verbose stack     at maybeClose (internal/child_process.js:821:16)
14 verbose stack     at Process.ChildProcess._handle.onexit (internal/child_process.js:211:5)
15 verbose pkgid redux-simple-starter@1.0.0
16 verbose cwd /Users/cristiandrincu/Documents/workspace_react/ReactNodeAuth/client-react
17 error Darwin 15.6.0
18 error argv "/usr/local/bin/node" "/usr/local/bin/npm" "run" "test"
19 error node v4.3.0
20 error npm  v3.7.3
21 error code ELIFECYCLE
22 error redux-simple-starter@1.0.0 test: `mocha --compilers js:babel-core/register --require ./test/test_helper.js --recursive ./test`
22 error Exit status 1
23 error Failed at the redux-simple-starter@1.0.0 test script 'mocha --compilers js:babel-core/register --require ./test/test_helper.js --recursive ./test'.
23 error Make sure you have the latest version of node.js and npm installed.
23 error If you do, this is most likely a problem with the redux-simple-starter package,
23 error not with npm itself.
23 error Tell the author that this fails on your system:
23 error     mocha --compilers js:babel-core/register --require ./test/test_helper.js --recursive ./test
23 error You can get information on how to open an issue for this project with:
23 error     npm bugs redux-simple-starter
23 error Or if that isn't available, you can get their info via:
23 error     npm owner ls redux-simple-starter
23 error There is likely additional logging output above.
24 verbose exit [ 1, true ]
